Analysis & Elaboration report for CPU-G2
Mon Feb 12 13:30:47 2024
Quartus Prime Version 18.1.0 Build 625 09/12/2018 SJ Standard Edition


---------------------
; Table of Contents ;
---------------------
  1. Legal Notice
  2. Analysis & Elaboration Summary
  3. Parallel Compilation
  4. Analysis & Elaboration Settings
  5. Analysis & Elaboration Messages
  6. Analysis & Elaboration Suppressed Messages



----------------
; Legal Notice ;
----------------
Copyright (C) 2018  Intel Corporation. All rights reserved.
Your use of Intel Corporation's design tools, logic functions 
and other software and tools, and its AMPP partner logic 
functions, and any output files from any of the foregoing 
(including device programming or simulation files), and any 
associated documentation or information are expressly subject 
to the terms and conditions of the Intel Program License 
Subscription Agreement, the Intel Quartus Prime License Agreement,
the Intel FPGA IP License Agreement, or other applicable license
agreement, including, without limitation, that your use is for
the sole purpose of programming logic devices manufactured by
Intel and sold by Intel or its authorized distributors.  Please
refer to the applicable agreement for further details.



+---------------------------------------------------------------------------------+
; Analysis & Elaboration Summary                                                  ;
+-------------------------------+-------------------------------------------------+
; Analysis & Elaboration Status ; Failed - Mon Feb 12 13:30:47 2024               ;
; Quartus Prime Version         ; 18.1.0 Build 625 09/12/2018 SJ Standard Edition ;
; Revision Name                 ; CPU-G2                                          ;
; Top-level Entity Name         ; Datapath                                        ;
; Family                        ; Cyclone V                                       ;
; Logic utilization (in ALMs)   ; N/A until Partition Merge                       ;
; Total registers               ; N/A until Partition Merge                       ;
; Total pins                    ; N/A until Partition Merge                       ;
; Total virtual pins            ; N/A until Partition Merge                       ;
; Total block memory bits       ; N/A until Partition Merge                       ;
; Total PLLs                    ; N/A until Partition Merge                       ;
; Total DLLs                    ; N/A until Partition Merge                       ;
+-------------------------------+-------------------------------------------------+


+------------------------------------------+
; Parallel Compilation                     ;
+----------------------------+-------------+
; Processors                 ; Number      ;
+----------------------------+-------------+
; Number detected on machine ; 8           ;
; Maximum allowed            ; 4           ;
;                            ;             ;
; Average used               ; 1.00        ;
; Maximum used               ; 1           ;
;                            ;             ;
; Usage by Processor         ; % Time Used ;
;     Processor 1            ; 100.0%      ;
+----------------------------+-------------+


+---------------------------------------------------------------------------------------------------------------------------+
; Analysis & Elaboration Settings                                                                                           ;
+---------------------------------------------------------------------------------+--------------------+--------------------+
; Option                                                                          ; Setting            ; Default Value      ;
+---------------------------------------------------------------------------------+--------------------+--------------------+
; Device                                                                          ; 5CGXFC7C7F23C8     ;                    ;
; Top-level entity name                                                           ; Datapath           ; CPU-G2             ;
; Family name                                                                     ; Cyclone V          ; Cyclone V          ;
; Use smart compilation                                                           ; Off                ; Off                ;
; Enable parallel Assembler and Timing Analyzer during compilation                ; On                 ; On                 ;
; Enable compact report table                                                     ; Off                ; Off                ;
; Restructure Multiplexers                                                        ; Auto               ; Auto               ;
; MLAB Add Timing Constraints For Mixed-Port Feed-Through Mode Setting Don't Care ; Off                ; Off                ;
; Create Debugging Nodes for IP Cores                                             ; Off                ; Off                ;
; Preserve fewer node names                                                       ; On                 ; On                 ;
; Intel FPGA IP Evaluation Mode                                                   ; Enable             ; Enable             ;
; Verilog Version                                                                 ; Verilog_2001       ; Verilog_2001       ;
; VHDL Version                                                                    ; VHDL_1993          ; VHDL_1993          ;
; State Machine Processing                                                        ; Auto               ; Auto               ;
; Safe State Machine                                                              ; Off                ; Off                ;
; Extract Verilog State Machines                                                  ; On                 ; On                 ;
; Extract VHDL State Machines                                                     ; On                 ; On                 ;
; Ignore Verilog initial constructs                                               ; Off                ; Off                ;
; Iteration limit for constant Verilog loops                                      ; 5000               ; 5000               ;
; Iteration limit for non-constant Verilog loops                                  ; 250                ; 250                ;
; Add Pass-Through Logic to Inferred RAMs                                         ; On                 ; On                 ;
; Infer RAMs from Raw Logic                                                       ; On                 ; On                 ;
; Parallel Synthesis                                                              ; On                 ; On                 ;
; DSP Block Balancing                                                             ; Auto               ; Auto               ;
; NOT Gate Push-Back                                                              ; On                 ; On                 ;
; Power-Up Don't Care                                                             ; On                 ; On                 ;
; Remove Redundant Logic Cells                                                    ; Off                ; Off                ;
; Remove Duplicate Registers                                                      ; On                 ; On                 ;
; Ignore CARRY Buffers                                                            ; Off                ; Off                ;
; Ignore CASCADE Buffers                                                          ; Off                ; Off                ;
; Ignore GLOBAL Buffers                                                           ; Off                ; Off                ;
; Ignore ROW GLOBAL Buffers                                                       ; Off                ; Off                ;
; Ignore LCELL Buffers                                                            ; Off                ; Off                ;
; Ignore SOFT Buffers                                                             ; On                 ; On                 ;
; Limit AHDL Integers to 32 Bits                                                  ; Off                ; Off                ;
; Optimization Technique                                                          ; Balanced           ; Balanced           ;
; Carry Chain Length                                                              ; 70                 ; 70                 ;
; Auto Carry Chains                                                               ; On                 ; On                 ;
; Auto Open-Drain Pins                                                            ; On                 ; On                 ;
; Perform WYSIWYG Primitive Resynthesis                                           ; Off                ; Off                ;
; Auto ROM Replacement                                                            ; On                 ; On                 ;
; Auto RAM Replacement                                                            ; On                 ; On                 ;
; Auto DSP Block Replacement                                                      ; On                 ; On                 ;
; Auto Shift Register Replacement                                                 ; Auto               ; Auto               ;
; Allow Shift Register Merging across Hierarchies                                 ; Auto               ; Auto               ;
; Auto Clock Enable Replacement                                                   ; On                 ; On                 ;
; Strict RAM Replacement                                                          ; Off                ; Off                ;
; Allow Synchronous Control Signals                                               ; On                 ; On                 ;
; Force Use of Synchronous Clear Signals                                          ; Off                ; Off                ;
; Auto Resource Sharing                                                           ; Off                ; Off                ;
; Allow Any RAM Size For Recognition                                              ; Off                ; Off                ;
; Allow Any ROM Size For Recognition                                              ; Off                ; Off                ;
; Allow Any Shift Register Size For Recognition                                   ; Off                ; Off                ;
; Use LogicLock Constraints during Resource Balancing                             ; On                 ; On                 ;
; Ignore translate_off and synthesis_off directives                               ; Off                ; Off                ;
; Timing-Driven Synthesis                                                         ; On                 ; On                 ;
; Report Parameter Settings                                                       ; On                 ; On                 ;
; Report Source Assignments                                                       ; On                 ; On                 ;
; Report Connectivity Checks                                                      ; On                 ; On                 ;
; Ignore Maximum Fan-Out Assignments                                              ; Off                ; Off                ;
; Synchronization Register Chain Length                                           ; 3                  ; 3                  ;
; Power Optimization During Synthesis                                             ; Normal compilation ; Normal compilation ;
; HDL message level                                                               ; Level2             ; Level2             ;
; Suppress Register Optimization Related Messages                                 ; Off                ; Off                ;
; Number of Removed Registers Reported in Synthesis Report                        ; 5000               ; 5000               ;
; Number of Swept Nodes Reported in Synthesis Report                              ; 5000               ; 5000               ;
; Number of Inverted Registers Reported in Synthesis Report                       ; 100                ; 100                ;
; Clock MUX Protection                                                            ; On                 ; On                 ;
; Auto Gated Clock Conversion                                                     ; Off                ; Off                ;
; Block Design Naming                                                             ; Auto               ; Auto               ;
; SDC constraint protection                                                       ; Off                ; Off                ;
; Synthesis Effort                                                                ; Auto               ; Auto               ;
; Shift Register Replacement - Allow Asynchronous Clear Signal                    ; On                 ; On                 ;
; Pre-Mapping Resynthesis Optimization                                            ; Off                ; Off                ;
; Analysis & Synthesis Message Level                                              ; Medium             ; Medium             ;
; Disable Register Merging Across Hierarchies                                     ; Auto               ; Auto               ;
; Resource Aware Inference For Block RAM                                          ; On                 ; On                 ;
; Automatic Parallel Synthesis                                                    ; On                 ; On                 ;
; Partial Reconfiguration Bitstream ID                                            ; Off                ; Off                ;
+---------------------------------------------------------------------------------+--------------------+--------------------+


+---------------------------------+
; Analysis & Elaboration Messages ;
+---------------------------------+
Info: *******************************************************************
Info: Running Quartus Prime Analysis & Elaboration
    Info: Version 18.1.0 Build 625 09/12/2018 SJ Standard Edition
    Info: Processing started: Mon Feb 12 13:30:37 2024
Info: Command: quartus_map --read_settings_files=on --write_settings_files=off CPU-G2 -c CPU-G2 --analysis_and_elaboration
Warning (18236): Number of processors has not been specified which may cause overloading on shared machines.  Set the global assignment NUM_PARALLEL_PROCESSORS in your QSF to an appropriate value for best performance.
Info (20030): Parallel compilation is enabled and will use 4 of the 4 processors detected
Warning (12018): Entity "XOR" will be ignored because it conflicts with Quartus Prime primitive name File: C:/Users/19cmb13/CPU-G2/XOR.v Line: 4
Info (12021): Found 1 design units, including 1 entities, in source file xor.v
Info (12021): Found 1 design units, including 1 entities, in source file thirtytwotoonemultiplexer.v
    Info (12023): Found entity 1: thirtyTwoToOneMultiplexer File: C:/Users/19cmb13/CPU-G2/thirtyTwoToOneMultiplexer.v Line: 1
Info (12021): Found 1 design units, including 1 entities, in source file thirtytwotofiveencoder.v
    Info (12023): Found entity 1: ThirtyTwoToFiveEncoder File: C:/Users/19cmb13/CPU-G2/ThirtyTwoToFiveEncoder.v Line: 1
Info (12021): Found 1 design units, including 1 entities, in source file rotate_right.v
    Info (12023): Found entity 1: rotate_right File: C:/Users/19cmb13/CPU-G2/rotate_right.v Line: 1
Info (12021): Found 1 design units, including 1 entities, in source file rotate_left.v
    Info (12023): Found entity 1: rotate_left File: C:/Users/19cmb13/CPU-G2/rotate_left.v Line: 1
Info (12021): Found 1 design units, including 1 entities, in source file rcadder_tb.v
    Info (12023): Found entity 1: RCAdder_tb File: C:/Users/19cmb13/CPU-G2/RCAdder_tb.v Line: 4
Warning (12018): Entity "OR" will be ignored because it conflicts with Quartus Prime primitive name File: C:/Users/19cmb13/CPU-G2/OR.v Line: 4
Info (12021): Found 1 design units, including 1 entities, in source file or.v
Info (12021): Found 1 design units, including 1 entities, in source file multiplication.v
    Info (12023): Found entity 1: Multiplicaion File: C:/Users/19cmb13/CPU-G2/Multiplication.v Line: 1
Info (12021): Found 1 design units, including 1 entities, in source file fulladder4.v
    Info (12023): Found entity 1: FullAdder4 File: C:/Users/19cmb13/CPU-G2/FullAdder4.v Line: 4
Info (12021): Found 1 design units, including 1 entities, in source file fulladder.v
    Info (12023): Found entity 1: FullAdder File: C:/Users/19cmb13/CPU-G2/FullAdder.v Line: 3
Info (12021): Found 1 design units, including 1 entities, in source file datapath.v
    Info (12023): Found entity 1: Datapath File: C:/Users/19cmb13/CPU-G2/Datapath.v Line: 1
Info (12021): Found 1 design units, including 1 entities, in source file bus.v
    Info (12023): Found entity 1: bus File: C:/Users/19cmb13/CPU-G2/bus.v Line: 2
Warning (12018): Entity "AND" will be ignored because it conflicts with Quartus Prime primitive name File: C:/Users/19cmb13/CPU-G2/AND.v Line: 3
Info (12021): Found 1 design units, including 1 entities, in source file and.v
Info (12021): Found 1 design units, including 1 entities, in source file alu.v
    Info (12023): Found entity 1: alu File: C:/Users/19cmb13/CPU-G2/alu.v Line: 1
Info (12021): Found 1 design units, including 1 entities, in source file rcadder.v
    Info (12023): Found entity 1: RCAdder File: C:/Users/19cmb13/CPU-G2/RCAdder.v Line: 3
Warning (10236): Verilog HDL Implicit Net warning at Datapath.v(40): created implicit net for "busInPC" File: C:/Users/19cmb13/CPU-G2/Datapath.v Line: 40
Warning (10236): Verilog HDL Implicit Net warning at Datapath.v(42): created implicit net for "busInMAR" File: C:/Users/19cmb13/CPU-G2/Datapath.v Line: 42
Warning (10236): Verilog HDL Implicit Net warning at Datapath.v(43): created implicit net for "busInMDR" File: C:/Users/19cmb13/CPU-G2/Datapath.v Line: 43
Warning (10236): Verilog HDL Implicit Net warning at Datapath.v(43): created implicit net for "MDRread" File: C:/Users/19cmb13/CPU-G2/Datapath.v Line: 43
Warning (10236): Verilog HDL Implicit Net warning at Datapath.v(47): created implicit net for "YData" File: C:/Users/19cmb13/CPU-G2/Datapath.v Line: 47
Warning (10236): Verilog HDL Implicit Net warning at Datapath.v(48): created implicit net for "busInZ" File: C:/Users/19cmb13/CPU-G2/Datapath.v Line: 48
Warning (10236): Verilog HDL Implicit Net warning at Datapath.v(48): created implicit net for "ZReg" File: C:/Users/19cmb13/CPU-G2/Datapath.v Line: 48
Warning (10236): Verilog HDL Implicit Net warning at Datapath.v(48): created implicit net for "ZLowout" File: C:/Users/19cmb13/CPU-G2/Datapath.v Line: 48
Warning (10236): Verilog HDL Implicit Net warning at Datapath.v(48): created implicit net for "ZHighout" File: C:/Users/19cmb13/CPU-G2/Datapath.v Line: 48
Warning (10236): Verilog HDL Implicit Net warning at Datapath.v(51): created implicit net for "A" File: C:/Users/19cmb13/CPU-G2/Datapath.v Line: 51
Warning (10236): Verilog HDL Implicit Net warning at Datapath.v(51): created implicit net for "BusMuxOut" File: C:/Users/19cmb13/CPU-G2/Datapath.v Line: 51
Warning (10236): Verilog HDL Implicit Net warning at Datapath.v(51): created implicit net for "zregin" File: C:/Users/19cmb13/CPU-G2/Datapath.v Line: 51
Warning (10236): Verilog HDL Implicit Net warning at Datapath.v(52): created implicit net for "Rzin" File: C:/Users/19cmb13/CPU-G2/Datapath.v Line: 52
Warning (10236): Verilog HDL Implicit Net warning at Datapath.v(52): created implicit net for "BusMuxInRz" File: C:/Users/19cmb13/CPU-G2/Datapath.v Line: 52
Warning (10236): Verilog HDL Implicit Net warning at Datapath.v(57): created implicit net for "Pout" File: C:/Users/19cmb13/CPU-G2/Datapath.v Line: 57
Warning (10236): Verilog HDL Implicit Net warning at Datapath.v(57): created implicit net for "MDRout" File: C:/Users/19cmb13/CPU-G2/Datapath.v Line: 57
Warning (10236): Verilog HDL Implicit Net warning at Datapath.v(57): created implicit net for "In_Portout" File: C:/Users/19cmb13/CPU-G2/Datapath.v Line: 57
Warning (10236): Verilog HDL Implicit Net warning at Datapath.v(57): created implicit net for "Cout" File: C:/Users/19cmb13/CPU-G2/Datapath.v Line: 57
Warning (10236): Verilog HDL Implicit Net warning at Datapath.v(59): created implicit net for "zlowin" File: C:/Users/19cmb13/CPU-G2/Datapath.v Line: 59
Warning (10236): Verilog HDL Implicit Net warning at Datapath.v(60): created implicit net for "Pin" File: C:/Users/19cmb13/CPU-G2/Datapath.v Line: 60
Warning (10236): Verilog HDL Implicit Net warning at bus.v(14): created implicit net for "R0in" File: C:/Users/19cmb13/CPU-G2/bus.v Line: 14
Warning (10236): Verilog HDL Implicit Net warning at bus.v(14): created implicit net for "R1in" File: C:/Users/19cmb13/CPU-G2/bus.v Line: 14
Warning (10236): Verilog HDL Implicit Net warning at bus.v(14): created implicit net for "R2in" File: C:/Users/19cmb13/CPU-G2/bus.v Line: 14
Warning (10236): Verilog HDL Implicit Net warning at bus.v(14): created implicit net for "R3in" File: C:/Users/19cmb13/CPU-G2/bus.v Line: 14
Warning (10236): Verilog HDL Implicit Net warning at bus.v(14): created implicit net for "R4in" File: C:/Users/19cmb13/CPU-G2/bus.v Line: 14
Warning (10236): Verilog HDL Implicit Net warning at bus.v(14): created implicit net for "R5in" File: C:/Users/19cmb13/CPU-G2/bus.v Line: 14
Warning (10236): Verilog HDL Implicit Net warning at bus.v(14): created implicit net for "R6in" File: C:/Users/19cmb13/CPU-G2/bus.v Line: 14
Warning (10236): Verilog HDL Implicit Net warning at bus.v(14): created implicit net for "R7in" File: C:/Users/19cmb13/CPU-G2/bus.v Line: 14
Warning (10236): Verilog HDL Implicit Net warning at bus.v(14): created implicit net for "R8in" File: C:/Users/19cmb13/CPU-G2/bus.v Line: 14
Warning (10236): Verilog HDL Implicit Net warning at bus.v(14): created implicit net for "R9in" File: C:/Users/19cmb13/CPU-G2/bus.v Line: 14
Warning (10236): Verilog HDL Implicit Net warning at bus.v(14): created implicit net for "R10in" File: C:/Users/19cmb13/CPU-G2/bus.v Line: 14
Warning (10236): Verilog HDL Implicit Net warning at bus.v(14): created implicit net for "R11in" File: C:/Users/19cmb13/CPU-G2/bus.v Line: 14
Warning (10236): Verilog HDL Implicit Net warning at bus.v(14): created implicit net for "R12in" File: C:/Users/19cmb13/CPU-G2/bus.v Line: 14
Warning (10236): Verilog HDL Implicit Net warning at bus.v(14): created implicit net for "R13in" File: C:/Users/19cmb13/CPU-G2/bus.v Line: 14
Warning (10236): Verilog HDL Implicit Net warning at bus.v(14): created implicit net for "R14in" File: C:/Users/19cmb13/CPU-G2/bus.v Line: 14
Warning (10236): Verilog HDL Implicit Net warning at bus.v(14): created implicit net for "R15in" File: C:/Users/19cmb13/CPU-G2/bus.v Line: 14
Warning (10236): Verilog HDL Implicit Net warning at bus.v(15): created implicit net for "HIin" File: C:/Users/19cmb13/CPU-G2/bus.v Line: 15
Warning (10236): Verilog HDL Implicit Net warning at bus.v(15): created implicit net for "LOin" File: C:/Users/19cmb13/CPU-G2/bus.v Line: 15
Critical Warning (10846): Verilog HDL Instantiation warning at FullAdder.v(8): instance has no name File: C:/Users/19cmb13/CPU-G2/FullAdder.v Line: 8
Critical Warning (10846): Verilog HDL Instantiation warning at FullAdder.v(9): instance has no name File: C:/Users/19cmb13/CPU-G2/FullAdder.v Line: 9
Critical Warning (10846): Verilog HDL Instantiation warning at FullAdder.v(10): instance has no name File: C:/Users/19cmb13/CPU-G2/FullAdder.v Line: 10
Critical Warning (10846): Verilog HDL Instantiation warning at FullAdder.v(11): instance has no name File: C:/Users/19cmb13/CPU-G2/FullAdder.v Line: 11
Critical Warning (10846): Verilog HDL Instantiation warning at FullAdder.v(12): instance has no name File: C:/Users/19cmb13/CPU-G2/FullAdder.v Line: 12
Info (12127): Elaborating entity "Datapath" for the top level hierarchy
Warning (10034): Output port "ZRegout" at Datapath.v(11) has no driver File: C:/Users/19cmb13/CPU-G2/Datapath.v Line: 11
Info (12128): Elaborating entity "alu" for hierarchy "alu:alu" File: C:/Users/19cmb13/CPU-G2/Datapath.v Line: 54
Warning (10764): Verilog HDL warning at alu.v(47): converting signed shift amount to unsigned File: C:/Users/19cmb13/CPU-G2/alu.v Line: 47
Warning (10764): Verilog HDL warning at alu.v(49): converting signed shift amount to unsigned File: C:/Users/19cmb13/CPU-G2/alu.v Line: 49
Warning (10034): Output port "carry" at alu.v(8) has no driver File: C:/Users/19cmb13/CPU-G2/alu.v Line: 8
Info (12128): Elaborating entity "Multiplicaion" for hierarchy "alu:alu|Multiplicaion:multi" File: C:/Users/19cmb13/CPU-G2/alu.v Line: 16
Warning (10858): Verilog HDL warning at Multiplication.v(11): object i used but never assigned File: C:/Users/19cmb13/CPU-G2/Multiplication.v Line: 11
Warning (10858): Verilog HDL warning at Multiplication.v(12): object clk used but never assigned File: C:/Users/19cmb13/CPU-G2/Multiplication.v Line: 12
Warning (10030): Net "i" at Multiplication.v(11) has no driver or initial value, using a default initial value '0' File: C:/Users/19cmb13/CPU-G2/Multiplication.v Line: 11
Warning (10030): Net "clk" at Multiplication.v(12) has no driver or initial value, using a default initial value '0' File: C:/Users/19cmb13/CPU-G2/Multiplication.v Line: 12
Info (12128): Elaborating entity "rotate_right" for hierarchy "alu:alu|rotate_right:ror" File: C:/Users/19cmb13/CPU-G2/alu.v Line: 17
Warning (10230): Verilog HDL assignment warning at rotate_right.v(7): truncated value with size 32 to match size of target (5) File: C:/Users/19cmb13/CPU-G2/rotate_right.v Line: 7
Info (12128): Elaborating entity "rotate_left" for hierarchy "alu:alu|rotate_left:rol" File: C:/Users/19cmb13/CPU-G2/alu.v Line: 18
Warning (10230): Verilog HDL assignment warning at rotate_left.v(7): truncated value with size 32 to match size of target (5) File: C:/Users/19cmb13/CPU-G2/rotate_left.v Line: 7
Error (12006): Node instance "R0" instantiates undefined entity "register". Ensure that required library paths are specified correctly, define the specified entity, or change the instantiation. If this entity represents Intel FPGA or third-party IP, generate the synthesis files for the IP. File: C:/Users/19cmb13/CPU-G2/Datapath.v Line: 22
Error (12006): Node instance "R1" instantiates undefined entity "register". Ensure that required library paths are specified correctly, define the specified entity, or change the instantiation. If this entity represents Intel FPGA or third-party IP, generate the synthesis files for the IP. File: C:/Users/19cmb13/CPU-G2/Datapath.v Line: 23
Error (12006): Node instance "R2" instantiates undefined entity "register". Ensure that required library paths are specified correctly, define the specified entity, or change the instantiation. If this entity represents Intel FPGA or third-party IP, generate the synthesis files for the IP. File: C:/Users/19cmb13/CPU-G2/Datapath.v Line: 24
Error (12006): Node instance "R3" instantiates undefined entity "register". Ensure that required library paths are specified correctly, define the specified entity, or change the instantiation. If this entity represents Intel FPGA or third-party IP, generate the synthesis files for the IP. File: C:/Users/19cmb13/CPU-G2/Datapath.v Line: 25
Error (12006): Node instance "R4" instantiates undefined entity "register". Ensure that required library paths are specified correctly, define the specified entity, or change the instantiation. If this entity represents Intel FPGA or third-party IP, generate the synthesis files for the IP. File: C:/Users/19cmb13/CPU-G2/Datapath.v Line: 26
Error (12006): Node instance "R5" instantiates undefined entity "register". Ensure that required library paths are specified correctly, define the specified entity, or change the instantiation. If this entity represents Intel FPGA or third-party IP, generate the synthesis files for the IP. File: C:/Users/19cmb13/CPU-G2/Datapath.v Line: 27
Error (12006): Node instance "R6" instantiates undefined entity "register". Ensure that required library paths are specified correctly, define the specified entity, or change the instantiation. If this entity represents Intel FPGA or third-party IP, generate the synthesis files for the IP. File: C:/Users/19cmb13/CPU-G2/Datapath.v Line: 28
Error (12006): Node instance "R7" instantiates undefined entity "register". Ensure that required library paths are specified correctly, define the specified entity, or change the instantiation. If this entity represents Intel FPGA or third-party IP, generate the synthesis files for the IP. File: C:/Users/19cmb13/CPU-G2/Datapath.v Line: 29
Error (12006): Node instance "R8" instantiates undefined entity "register". Ensure that required library paths are specified correctly, define the specified entity, or change the instantiation. If this entity represents Intel FPGA or third-party IP, generate the synthesis files for the IP. File: C:/Users/19cmb13/CPU-G2/Datapath.v Line: 30
Error (12006): Node instance "R9" instantiates undefined entity "register". Ensure that required library paths are specified correctly, define the specified entity, or change the instantiation. If this entity represents Intel FPGA or third-party IP, generate the synthesis files for the IP. File: C:/Users/19cmb13/CPU-G2/Datapath.v Line: 31
Error (12006): Node instance "R10" instantiates undefined entity "register". Ensure that required library paths are specified correctly, define the specified entity, or change the instantiation. If this entity represents Intel FPGA or third-party IP, generate the synthesis files for the IP. File: C:/Users/19cmb13/CPU-G2/Datapath.v Line: 32
Error (12006): Node instance "R11" instantiates undefined entity "register". Ensure that required library paths are specified correctly, define the specified entity, or change the instantiation. If this entity represents Intel FPGA or third-party IP, generate the synthesis files for the IP. File: C:/Users/19cmb13/CPU-G2/Datapath.v Line: 33
Error (12006): Node instance "R12" instantiates undefined entity "register". Ensure that required library paths are specified correctly, define the specified entity, or change the instantiation. If this entity represents Intel FPGA or third-party IP, generate the synthesis files for the IP. File: C:/Users/19cmb13/CPU-G2/Datapath.v Line: 34
Error (12006): Node instance "R13" instantiates undefined entity "register". Ensure that required library paths are specified correctly, define the specified entity, or change the instantiation. If this entity represents Intel FPGA or third-party IP, generate the synthesis files for the IP. File: C:/Users/19cmb13/CPU-G2/Datapath.v Line: 35
Error (12006): Node instance "R14" instantiates undefined entity "register". Ensure that required library paths are specified correctly, define the specified entity, or change the instantiation. If this entity represents Intel FPGA or third-party IP, generate the synthesis files for the IP. File: C:/Users/19cmb13/CPU-G2/Datapath.v Line: 36
Error (12006): Node instance "R15" instantiates undefined entity "register". Ensure that required library paths are specified correctly, define the specified entity, or change the instantiation. If this entity represents Intel FPGA or third-party IP, generate the synthesis files for the IP. File: C:/Users/19cmb13/CPU-G2/Datapath.v Line: 37
Error (12006): Node instance "IR" instantiates undefined entity "register". Ensure that required library paths are specified correctly, define the specified entity, or change the instantiation. If this entity represents Intel FPGA or third-party IP, generate the synthesis files for the IP. File: C:/Users/19cmb13/CPU-G2/Datapath.v Line: 39
Error (12006): Node instance "PC" instantiates undefined entity "pc_reg". Ensure that required library paths are specified correctly, define the specified entity, or change the instantiation. If this entity represents Intel FPGA or third-party IP, generate the synthesis files for the IP. File: C:/Users/19cmb13/CPU-G2/Datapath.v Line: 40
Error (12006): Node instance "MAR" instantiates undefined entity "gen_reg". Ensure that required library paths are specified correctly, define the specified entity, or change the instantiation. If this entity represents Intel FPGA or third-party IP, generate the synthesis files for the IP. File: C:/Users/19cmb13/CPU-G2/Datapath.v Line: 42
Error (12006): Node instance "MDR" instantiates undefined entity "mdr_reg". Ensure that required library paths are specified correctly, define the specified entity, or change the instantiation. If this entity represents Intel FPGA or third-party IP, generate the synthesis files for the IP. File: C:/Users/19cmb13/CPU-G2/Datapath.v Line: 43
Error (12006): Node instance "HI" instantiates undefined entity "gen_reg". Ensure that required library paths are specified correctly, define the specified entity, or change the instantiation. If this entity represents Intel FPGA or third-party IP, generate the synthesis files for the IP. File: C:/Users/19cmb13/CPU-G2/Datapath.v Line: 45
Error (12006): Node instance "LO" instantiates undefined entity "gen_reg". Ensure that required library paths are specified correctly, define the specified entity, or change the instantiation. If this entity represents Intel FPGA or third-party IP, generate the synthesis files for the IP. File: C:/Users/19cmb13/CPU-G2/Datapath.v Line: 46
Error (12006): Node instance "Y" instantiates undefined entity "gen_reg". Ensure that required library paths are specified correctly, define the specified entity, or change the instantiation. If this entity represents Intel FPGA or third-party IP, generate the synthesis files for the IP. File: C:/Users/19cmb13/CPU-G2/Datapath.v Line: 47
Error (12006): Node instance "Z" instantiates undefined entity "z_reg_32". Ensure that required library paths are specified correctly, define the specified entity, or change the instantiation. If this entity represents Intel FPGA or third-party IP, generate the synthesis files for the IP. File: C:/Users/19cmb13/CPU-G2/Datapath.v Line: 48
Error (12006): Node instance "add" instantiates undefined entity "adder". Ensure that required library paths are specified correctly, define the specified entity, or change the instantiation. If this entity represents Intel FPGA or third-party IP, generate the synthesis files for the IP. File: C:/Users/19cmb13/CPU-G2/Datapath.v Line: 51
Error (12006): Node instance "RZ" instantiates undefined entity "register". Ensure that required library paths are specified correctly, define the specified entity, or change the instantiation. If this entity represents Intel FPGA or third-party IP, generate the synthesis files for the IP. File: C:/Users/19cmb13/CPU-G2/Datapath.v Line: 52
Error (12006): Node instance "bus" instantiates undefined entity "Bus". Ensure that required library paths are specified correctly, define the specified entity, or change the instantiation. If this entity represents Intel FPGA or third-party IP, generate the synthesis files for the IP. File: C:/Users/19cmb13/CPU-G2/Datapath.v Line: 60
Info (144001): Generated suppressed messages file C:/Users/19cmb13/CPU-G2/output_files/CPU-G2.map.smsg
Error: Quartus Prime Analysis & Elaboration was unsuccessful. 27 errors, 57 warnings
    Error: Peak virtual memory: 4779 megabytes
    Error: Processing ended: Mon Feb 12 13:30:47 2024
    Error: Elapsed time: 00:00:10
    Error: Total CPU time (on all processors): 00:00:09


+--------------------------------------------+
; Analysis & Elaboration Suppressed Messages ;
+--------------------------------------------+
The suppressed messages can be found in C:/Users/19cmb13/CPU-G2/output_files/CPU-G2.map.smsg.


