Flow report for CPU-G2
<<<<<<< HEAD
Fri Feb 23 16:39:42 2024
Quartus Prime Version 18.1.1 Build 646 04/11/2019 SJ Lite Edition
=======
Fri Feb 23 16:43:27 2024
Quartus Prime Version 18.1.0 Build 625 09/12/2018 SJ Lite Edition
>>>>>>> 3931b5da923fc0c648d09cac8f4e778f5cb871a9


---------------------
; Table of Contents ;
---------------------
  1. Legal Notice
  2. Flow Summary
  3. Flow Settings
  4. Flow Non-Default Global Settings
  5. Flow Elapsed Time
  6. Flow OS Summary
  7. Flow Log
  8. Flow Messages
  9. Flow Suppressed Messages



----------------
; Legal Notice ;
----------------
Copyright (C) 2018  Intel Corporation. All rights reserved.
Your use of Intel Corporation's design tools, logic functions 
and other software and tools, and its AMPP partner logic 
functions, and any output files from any of the foregoing 
(including device programming or simulation files), and any 
associated documentation or information are expressly subject 
to the terms and conditions of the Intel Program License 
Subscription Agreement, the Intel Quartus Prime License Agreement,
the Intel FPGA IP License Agreement, or other applicable license
agreement, including, without limitation, that your use is for
the sole purpose of programming logic devices manufactured by
Intel and sold by Intel or its authorized distributors.  Please
refer to the applicable agreement for further details.



<<<<<<< HEAD
+---------------------------------------------------------------------------+
; Flow Summary                                                              ;
+-----------------------------+---------------------------------------------+
; Flow Status                 ; Flow Failed - Fri Feb 23 16:39:42 2024      ;
; Quartus Prime Version       ; 18.1.1 Build 646 04/11/2019 SJ Lite Edition ;
; Revision Name               ; CPU-G2                                      ;
; Top-level Entity Name       ; datapath_tb                                 ;
; Family                      ; Cyclone V                                   ;
; Device                      ; 5CGXFC7C7F23C8                              ;
; Timing Models               ; Final                                       ;
; Logic utilization (in ALMs) ; N/A until Partition Merge                   ;
; Total registers             ; N/A until Partition Merge                   ;
; Total pins                  ; N/A until Partition Merge                   ;
; Total virtual pins          ; N/A until Partition Merge                   ;
; Total block memory bits     ; N/A until Partition Merge                   ;
; Total PLLs                  ; N/A until Partition Merge                   ;
; Total DLLs                  ; N/A until Partition Merge                   ;
+-----------------------------+---------------------------------------------+
=======
+-------------------------------------------------------------------------------+
; Flow Summary                                                                  ;
+---------------------------------+---------------------------------------------+
; Flow Status                     ; Successful - Fri Feb 23 16:43:27 2024       ;
; Quartus Prime Version           ; 18.1.0 Build 625 09/12/2018 SJ Lite Edition ;
; Revision Name                   ; CPU-G2                                      ;
; Top-level Entity Name           ; Datapath                                    ;
; Family                          ; Cyclone V                                   ;
; Device                          ; 5CGXFC7C7F23C8                              ;
; Timing Models                   ; Final                                       ;
; Logic utilization (in ALMs)     ; 1 / 56,480 ( < 1 % )                        ;
; Total registers                 ; 0                                           ;
; Total pins                      ; 113 / 268 ( 42 % )                          ;
; Total virtual pins              ; 0                                           ;
; Total block memory bits         ; 0 / 7,024,640 ( 0 % )                       ;
; Total DSP Blocks                ; 0 / 156 ( 0 % )                             ;
; Total HSSI RX PCSs              ; 0 / 6 ( 0 % )                               ;
; Total HSSI PMA RX Deserializers ; 0 / 6 ( 0 % )                               ;
; Total HSSI TX PCSs              ; 0 / 6 ( 0 % )                               ;
; Total HSSI PMA TX Serializers   ; 0 / 6 ( 0 % )                               ;
; Total PLLs                      ; 0 / 13 ( 0 % )                              ;
; Total DLLs                      ; 0 / 4 ( 0 % )                               ;
+---------------------------------+---------------------------------------------+
>>>>>>> 3931b5da923fc0c648d09cac8f4e778f5cb871a9


+-----------------------------------------+
; Flow Settings                           ;
+-------------------+---------------------+
; Option            ; Setting             ;
+-------------------+---------------------+
<<<<<<< HEAD
; Start date & time ; 02/23/2024 16:39:23 ;
=======
; Start date & time ; 02/23/2024 16:42:50 ;
>>>>>>> 3931b5da923fc0c648d09cac8f4e778f5cb871a9
; Main task         ; Compilation         ;
; Revision Name     ; CPU-G2              ;
+-------------------+---------------------+


+------------------------------------------------------------------------------------------------------------------------------+
; Flow Non-Default Global Settings                                                                                             ;
+--------------------------------------+----------------------------------------+---------------+-------------+----------------+
; Assignment Name                      ; Value                                  ; Default Value ; Entity Name ; Section Id     ;
+--------------------------------------+----------------------------------------+---------------+-------------+----------------+
<<<<<<< HEAD
; COMPILER_SIGNATURE_ID                ; 92559207437070.170872436307784         ; --            ; --          ; --             ;
=======
; COMPILER_SIGNATURE_ID                ; 10995770589201.170872457000288         ; --            ; --          ; --             ;
>>>>>>> 3931b5da923fc0c648d09cac8f4e778f5cb871a9
; EDA_DESIGN_INSTANCE_NAME             ; NA                                     ; --            ; --          ; RCAdder_tb     ;
; EDA_DESIGN_INSTANCE_NAME             ; NA                                     ; --            ; --          ; datapath_tb    ;
; EDA_NATIVELINK_SIMULATION_TEST_BENCH ; datapath_tb                            ; --            ; --          ; eda_simulation ;
; EDA_OUTPUT_DATA_FORMAT               ; Verilog Hdl                            ; --            ; --          ; eda_simulation ;
; EDA_SIMULATION_TOOL                  ; ModelSim-Altera (Verilog)              ; <None>        ; --          ; --             ;
; EDA_TEST_BENCH_ENABLE_STATUS         ; TEST_BENCH_MODE                        ; --            ; --          ; eda_simulation ;
; EDA_TEST_BENCH_FILE                  ; RCAdder_tb.v                           ; --            ; --          ; RCAdder_tb     ;
; EDA_TEST_BENCH_FILE                  ; datapath_tb.v                          ; --            ; --          ; datapath_tb    ;
; EDA_TEST_BENCH_MODULE_NAME           ; RCAdder_tb                             ; --            ; --          ; RCAdder_tb     ;
; EDA_TEST_BENCH_MODULE_NAME           ; datapath_tb                            ; --            ; --          ; datapath_tb    ;
; EDA_TEST_BENCH_NAME                  ; RCAdder_tb                             ; --            ; --          ; eda_simulation ;
; EDA_TEST_BENCH_NAME                  ; datapath_tb                            ; --            ; --          ; eda_simulation ;
; EDA_TEST_BENCH_RUN_SIM_FOR           ; 500 ns                                 ; --            ; --          ; RCAdder_tb     ;
; EDA_TEST_BENCH_RUN_SIM_FOR           ; 500 ns                                 ; --            ; --          ; datapath_tb    ;
; EDA_TIME_SCALE                       ; 1 ps                                   ; --            ; --          ; eda_simulation ;
; MAX_CORE_JUNCTION_TEMP               ; 85                                     ; --            ; --          ; --             ;
; MIN_CORE_JUNCTION_TEMP               ; 0                                      ; --            ; --          ; --             ;
; PARTITION_COLOR                      ; -- (Not supported for targeted family) ; --            ; Datapath    ; Top            ;
; PARTITION_FITTER_PRESERVATION_LEVEL  ; -- (Not supported for targeted family) ; --            ; Datapath    ; Top            ;
; PARTITION_NETLIST_TYPE               ; -- (Not supported for targeted family) ; --            ; Datapath    ; Top            ;
; POWER_BOARD_THERMAL_MODEL            ; None (CONSERVATIVE)                    ; --            ; --          ; --             ;
; POWER_PRESET_COOLING_SOLUTION        ; 23 MM HEAT SINK WITH 200 LFPM AIRFLOW  ; --            ; --          ; --             ;
; PROJECT_OUTPUT_DIRECTORY             ; output_files                           ; --            ; --          ; --             ;
; TOP_LEVEL_ENTITY                     ; Datapath                               ; CPU-G2        ; --          ; --             ;
+--------------------------------------+----------------------------------------+---------------+-------------+----------------+


<<<<<<< HEAD
+----------------------------------------------------------------------------------------------------------------------------+
; Flow Elapsed Time                                                                                                          ;
+------------------------+--------------+-------------------------+---------------------+------------------------------------+
; Module Name            ; Elapsed Time ; Average Processors Used ; Peak Virtual Memory ; Total CPU Time (on all processors) ;
+------------------------+--------------+-------------------------+---------------------+------------------------------------+
; Analysis & Elaboration ; 00:00:23     ; 1.0                     ; 4773 MB             ; 00:00:22                           ;
; Total                  ; 00:00:23     ; --                      ; --                  ; 00:00:22                           ;
+------------------------+--------------+-------------------------+---------------------+------------------------------------+
=======
+--------------------------------------------------------------------------------------------------------------------------+
; Flow Elapsed Time                                                                                                        ;
+----------------------+--------------+-------------------------+---------------------+------------------------------------+
; Module Name          ; Elapsed Time ; Average Processors Used ; Peak Virtual Memory ; Total CPU Time (on all processors) ;
+----------------------+--------------+-------------------------+---------------------+------------------------------------+
; Analysis & Synthesis ; 00:00:06     ; 1.0                     ; 4795 MB             ; 00:00:04                           ;
; Fitter               ; 00:00:19     ; 1.0                     ; 7413 MB             ; 00:00:19                           ;
; Assembler            ; 00:00:05     ; 1.0                     ; 4825 MB             ; 00:00:01                           ;
; Timing Analyzer      ; 00:00:04     ; 1.0                     ; 5232 MB             ; 00:00:01                           ;
; EDA Netlist Writer   ; 00:00:01     ; 1.0                     ; 4741 MB             ; 00:00:00                           ;
; Total                ; 00:00:35     ; --                      ; --                  ; 00:00:25                           ;
+----------------------+--------------+-------------------------+---------------------+------------------------------------+
>>>>>>> 3931b5da923fc0c648d09cac8f4e778f5cb871a9


+------------------------------------------------------------------------------------+
; Flow OS Summary                                                                    ;
+----------------------+------------------+------------+------------+----------------+
; Module Name          ; Machine Hostname ; OS Name    ; OS Version ; Processor type ;
+----------------------+------------------+------------+------------+----------------+
; Analysis & Synthesis ; Benno            ; Windows 10 ; 10.0       ; x86_64         ;
; Fitter               ; Benno            ; Windows 10 ; 10.0       ; x86_64         ;
; Assembler            ; Benno            ; Windows 10 ; 10.0       ; x86_64         ;
; Timing Analyzer      ; Benno            ; Windows 10 ; 10.0       ; x86_64         ;
; EDA Netlist Writer   ; Benno            ; Windows 10 ; 10.0       ; x86_64         ;
+----------------------+------------------+------------+------------+----------------+


------------
; Flow Log ;
------------
quartus_map --read_settings_files=on --write_settings_files=off CPU-G2 -c CPU-G2
quartus_fit --read_settings_files=off --write_settings_files=off CPU-G2 -c CPU-G2
quartus_asm --read_settings_files=off --write_settings_files=off CPU-G2 -c CPU-G2
quartus_sta CPU-G2 -c CPU-G2
quartus_eda --read_settings_files=off --write_settings_files=off CPU-G2 -c CPU-G2



